<?xml version="1.0" encoding="UTF-8"?>
<testng-results ignored="0" total="1" passed="1" failed="0" skipped="0">
  <reporter-output>
  </reporter-output>
  <suite started-at="2023-06-01T07:48:10 IST" name="Suite" finished-at="2023-06-01T07:48:28 IST" duration-ms="18484">
    <groups>
    </groups>
    <test started-at="2023-06-01T07:48:10 IST" name="Test" finished-at="2023-06-01T07:48:28 IST" duration-ms="18484">
      <class name="demo.SQL">
        <test-method signature="openSQLCourse()[pri:0, instance:demo.SQL@7e9131d5]" started-at="2023-06-01T07:48:10 IST" name="openSQLCourse" finished-at="2023-06-01T07:48:28 IST" duration-ms="18395" status="PASS">
          <reporter-output>
          </reporter-output>
        </test-method> <!-- openSQLCourse -->
      </class> <!-- demo.SQL -->
    </test> <!-- Test -->
  </suite> <!-- Suite -->
</testng-results>
