<?xml version="1.0" encoding="UTF-8"?>
<testng-results ignored="0" total="1" passed="1" failed="0" skipped="0">
  <reporter-output>
  </reporter-output>
  <suite started-at="2023-06-01T07:40:32 IST" name="Default suite" finished-at="2023-06-01T07:40:38 IST" duration-ms="6333">
    <groups>
    </groups>
    <test started-at="2023-06-01T07:40:32 IST" name="Default test" finished-at="2023-06-01T07:40:38 IST" duration-ms="6333">
      <class name="demo.SQL">
        <test-method signature="openSQLCourse()[pri:0, instance:demo.SQL@6631f5ca]" started-at="2023-06-01T07:40:32 IST" name="openSQLCourse" finished-at="2023-06-01T07:40:38 IST" duration-ms="6275" status="PASS">
          <reporter-output>
          </reporter-output>
        </test-method> <!-- openSQLCourse -->
      </class> <!-- demo.SQL -->
    </test> <!-- Default test -->
  </suite> <!-- Default suite -->
</testng-results>
